The system is: Windows - 10.0.22621 - AMD64
Compiling the C compiler identification source file "CMakeCCompilerId.c" succeeded.
Compiler: C:/Program Files/Microsoft Visual Studio/2022/Community/VC/Tools/MSVC/14.35.32215/bin/Hostx64/x64/cl.exe 
Build flags: 
Id flags:  

The output was:
0
用于 x64 的 Microsoft (R) C/C++ 优化编译器 19.35.32217.1 版
版权所有(C) Microsoft Corporation。保留所有权利。

CMakeCCompilerId.c
Microsoft (R) Incremental Linker Version 14.35.32217.1
Copyright (C) Microsoft Corporation.  All rights reserved.

/out:CMakeCCompilerId.exe 
CMakeCCompilerId.obj 


Compilation of the C compiler identification source "CMakeCCompilerId.c" produced "CMakeCCompilerId.exe"

Compilation of the C compiler identification source "CMakeCCompilerId.c" produced "CMakeCCompilerId.obj"

The C compiler identification is MSVC, found in "C:/Users/Administrator/Documents/code/2048gameoldtrial/231gameoldtrial/out/build/x64-debug/CMakeFiles/3.25.1-msvc1/CompilerIdC/CMakeCCompilerId.exe"

Compiling the CXX compiler identification source file "CMakeCXXCompilerId.cpp" succeeded.
Compiler: C:/Program Files/Microsoft Visual Studio/2022/Community/VC/Tools/MSVC/14.35.32215/bin/Hostx64/x64/cl.exe 
Build flags: 
Id flags:  

The output was:
0
用于 x64 的 Microsoft (R) C/C++ 优化编译器 19.35.32217.1 版
版权所有(C) Microsoft Corporation。保留所有权利。

CMakeCXXCompilerId.cpp
Microsoft (R) Incremental Linker Version 14.35.32217.1
Copyright (C) Microsoft Corporation.  All rights reserved.

/out:CMakeCXXCompilerId.exe 
CMakeCXXCompilerId.obj 


Compilation of the CXX compiler identification source "CMakeCXXCompilerId.cpp" produced "CMakeCXXCompilerId.exe"

Compilation of the CXX compiler identification source "CMakeCXXCompilerId.cpp" produced "CMakeCXXCompilerId.obj"

The CXX compiler identification is MSVC, found in "C:/Users/Administrator/Documents/code/2048gameoldtrial/231gameoldtrial/out/build/x64-debug/CMakeFiles/3.25.1-msvc1/CompilerIdCXX/CMakeCXXCompilerId.exe"

Detecting C compiler ABI info compiled with the following output:
Change Dir: C:/Users/Administrator/Documents/code/2048gameoldtrial/231gameoldtrial/out/build/x64-debug/CMakeFiles/CMakeScratch/TryCompile-22gwfg

Run Build Command(s):C:/Program Files/Microsoft Visual Studio/2022/Community/Common7/IDE/CommonExtensions/Microsoft/CMake/Ninja/ninja.exe cmTC_5ac09 && [1/2] Building C object CMakeFiles\cmTC_5ac09.dir\CMakeCCompilerABI.c.obj
[2/2] Linking C executable cmTC_5ac09.exe



Detecting CXX compiler ABI info compiled with the following output:
Change Dir: C:/Users/Administrator/Documents/code/2048gameoldtrial/231gameoldtrial/out/build/x64-debug/CMakeFiles/CMakeScratch/TryCompile-he8asy

Run Build Command(s):C:/Program Files/Microsoft Visual Studio/2022/Community/Common7/IDE/CommonExtensions/Microsoft/CMake/Ninja/ninja.exe cmTC_a5356 && [1/2] Building CXX object CMakeFiles\cmTC_a5356.dir\CMakeCXXCompilerABI.cpp.obj
[2/2] Linking CXX executable cmTC_a5356.exe



